<?xml version="1.0" encoding="UTF-8"?>
<!-- Generated by org.testng.reporters.JUnitXMLReporter -->
<testsuite ignored="0" hostname="Kishas-iMac.local" failures="12" tests="32" name="TCM_assignment" time="40.78" errors="0" timestamp="10 Oct 2018 13:30:30 GMT">
  <testcase classname="com.tcm.TCMDemoTest" name="loadTestUrlTest" time="3.018"/>
  <testcase classname="com.tcm.TCMDemoTest" name="verifyPageTitleTest" time="0.025"/>
  <testcase classname="com.tcm.TCMDemoTest" name="clickMovieLinkOneTest" time="1.367"/>
  <testcase classname="com.tcm.TCMDemoTest" name="verifyMoviePageTitleTest" time="0.431">
    <failure type="java.lang.AssertionError" message="expected [] but found [TO HAVE AND HAVE NOT]">
      <![CDATA[java.lang.AssertionError: expected [] but found [TO HAVE AND HAVE NOT]
	at com.tcm.TCMTests.verifyMoviePageTitle(TCMTests.java:50)
	at com.tcm.TCMDemoTest.verifyMoviePageTitleTest(TCMDemoTest.java:36)
... Removed 30 stack frames]]>
    </failure>
  </testcase> <!-- verifyMoviePageTitleTest -->
  <testcase classname="com.tcm.TCMDemoTest" name="verifyMovieOverviewTest" time="0.6"/>
  <testcase classname="com.tcm.TCMDemoTest" name="verifyMovieOneActor1Test" time="0.066"/>
  <testcase classname="com.tcm.TCMDemoTest" name="verifyMovieOneActor2Test" time="0.051"/>
  <testcase classname="com.tcm.TCMDemoTest" name="verifyReleaseDateOneTest" time="0.713"/>
  <testcase classname="com.tcm.TCMDemoTest" name="clickMovieLinkTwoTest" time="1.366"/>
  <testcase classname="com.tcm.TCMDemoTest" name="verifyMovieTwoPageTitleTest" time="0.818"/>
  <testcase classname="com.tcm.TCMDemoTest" name="verifyMovieTwoOverviewTest" time="0.042"/>
  <testcase classname="com.tcm.TCMDemoTest" name="verifyMovieTwoOneActor1Test" time="0.06"/>
  <testcase classname="com.tcm.TCMDemoTest" name="verifyMovieTwoOneActor2Test" time="0.05"/>
  <testcase classname="com.tcm.TCMDemoTest" name="verifyReleaseTwoDateOneTest" time="0.962"/>
  <testcase classname="com.tcm.TCMDemoTest" name="clickMovieLinkThreeTest" time="1.87"/>
  <testcase classname="com.tcm.TCMDemoTest" name="verifyMovieThreePageTitleTest" time="0.13"/>
  <testcase classname="com.tcm.TCMDemoTest" name="verifyMovieThreeOverviewTest" time="0.084"/>
  <testcase classname="com.tcm.TCMDemoTest" name="verifyMovieThreeOneActor1Test" time="0.074"/>
  <testcase classname="com.tcm.TCMDemoTest" name="verifyMovieThreeOneActor2Test" time="0.05"/>
  <testcase classname="com.tcm.TCMDemoTest" name="verifyReleaseThreeDateOneTest" time="0.648"/>
  <testcase classname="com.tcm.TCMDemoTest" name="clickMovieLinkFourTest" time="0.987"/>
  <testcase classname="com.tcm.TCMDemoTest" name="verifyMovieFourPageTitleTest" time="0.788">
    <failure type="java.lang.AssertionError" message="expected [] but found [ROME ADVENTURE]">
      <![CDATA[java.lang.AssertionError: expected [] but found [ROME ADVENTURE]
	at com.tcm.TCMTests.verifyMovieFourPageTitle(TCMTests.java:176)
	at com.tcm.TCMDemoTest.verifyMovieFourPageTitleTest(TCMDemoTest.java:132)
... Removed 30 stack frames]]>
    </failure>
  </testcase> <!-- verifyMovieFourPageTitleTest -->
  <testcase classname="com.tcm.TCMDemoTest" name="verifyMovieFourOverviewTest" time="0.039">
    <failure type="java.lang.AssertionError" message="expected [A small-town girl hits the big city in search of romance Roaring Twenties style.] but found [A rebellious teacher moves to Rome and finds love.]">
      <![CDATA[java.lang.AssertionError: expected [A small-town girl hits the big city in search of romance Roaring Twenties style.] but found [A rebellious teacher moves to Rome and finds love.]
	at com.tcm.TCMTests.verifyMovieFourOverview(TCMTests.java:182)
	at com.tcm.TCMDemoTest.verifyMovieFourOverviewTest(TCMDemoTest.java:137)
... Removed 30 stack frames]]>
    </failure>
  </testcase> <!-- verifyMovieFourOverviewTest -->
  <testcase classname="com.tcm.TCMDemoTest" name="verifyMovieFourOneActor1Test" time="5.309">
    <failure type="org.openqa.selenium.NoSuchElementException" message="no such element: Unable to locate element: {&amp;quot;method&amp;quot;:&amp;quot;link text&amp;quot;,&amp;quot;selector&amp;quot;:&amp;quot;Hampton Fancher&amp;quot;}
  (Session info: chrome=69.0.3497.100)
  (Driver info: chromedriver=2.42.591059 (a3d9684d10d61aa0c45f6723b327283be1ebaad8),platform=Mac OS X 10.13.5 x86_64) (WARNING: The server did not provide any stacktrace information)
Command duration or timeout: 5.08 seconds
For documentation on this error, please visit: http://seleniumhq.org/exceptions/no_such_element.html
Build info: version: &amp;apos;3.4.0&amp;apos;, revision: &amp;apos;unknown&amp;apos;, time: &amp;apos;unknown&amp;apos;
System info: host: &amp;apos;Kishas-iMac.local&amp;apos;, ip: &amp;apos;10.0.0.90&amp;apos;, os.name: &amp;apos;Mac OS X&amp;apos;, os.arch: &amp;apos;x86_64&amp;apos;, os.version: &amp;apos;10.13.5&amp;apos;, java.version: &amp;apos;9.0.4&amp;apos;
Driver info: org.openqa.selenium.chrome.ChromeDriver
Capabilities [{mobileEmulationEnabled=false, hasTouchScreen=false, platform=MAC, acceptSslCerts=false, goog:chromeOptions={debuggerAddress=localhost:49479}, acceptInsecureCerts=false, webStorageEnabled=true, browserName=chrome, takesScreenshot=true, javascriptEnabled=true, setWindowRect=true, unexpectedAlertBehaviour=, applicationCacheEnabled=false, rotatable=false, networkConnectionEnabled=false, chrome={chromedriverVersion=2.42.591059 (a3d9684d10d61aa0c45f6723b327283be1ebaad8), userDataDir=/var/folders/kz/jbf7x2tx4q7cfqjwsf5jbh1w0000gn/T/.org.chromium.Chromium.eAJKF7}, takesHeapSnapshot=true, pageLoadStrategy=normal, databaseEnabled=false, handlesAlerts=true, version=69.0.3497.100, browserConnectionEnabled=false, nativeEvents=true, locationContextEnabled=true, cssSelectorsEnabled=true}]
Session ID: c48b3d1492da15c00b6bbf96843a73f5
*** Element info: {Using=link text, value=Hampton Fancher}">
      <![CDATA[org.openqa.selenium.NoSuchElementException: no such element: Unable to locate element: {"method":"link text","selector":"Hampton Fancher"}
  (Session info: chrome=69.0.3497.100)
  (Driver info: chromedriver=2.42.591059 (a3d9684d10d61aa0c45f6723b327283be1ebaad8),platform=Mac OS X 10.13.5 x86_64) (WARNING: The server did not provide any stacktrace information)
Command duration or timeout: 5.08 seconds
For documentation on this error, please visit: http://seleniumhq.org/exceptions/no_such_element.html
Build info: version: '3.4.0', revision: 'unknown', time: 'unknown'
System info: host: 'Kishas-iMac.local', ip: '10.0.0.90', os.name: 'Mac OS X', os.arch: 'x86_64', os.version: '10.13.5', java.version: '9.0.4'
Driver info: org.openqa.selenium.chrome.ChromeDriver
Capabilities [{mobileEmulationEnabled=false, hasTouchScreen=false, platform=MAC, acceptSslCerts=false, goog:chromeOptions={debuggerAddress=localhost:49479}, acceptInsecureCerts=false, webStorageEnabled=true, browserName=chrome, takesScreenshot=true, javascriptEnabled=true, setWindowRect=true, unexpectedAlertBehaviour=, applicationCacheEnabled=false, rotatable=false, networkConnectionEnabled=false, chrome={chromedriverVersion=2.42.591059 (a3d9684d10d61aa0c45f6723b327283be1ebaad8), userDataDir=/var/folders/kz/jbf7x2tx4q7cfqjwsf5jbh1w0000gn/T/.org.chromium.Chromium.eAJKF7}, takesHeapSnapshot=true, pageLoadStrategy=normal, databaseEnabled=false, handlesAlerts=true, version=69.0.3497.100, browserConnectionEnabled=false, nativeEvents=true, locationContextEnabled=true, cssSelectorsEnabled=true}]
Session ID: c48b3d1492da15c00b6bbf96843a73f5
*** Element info: {Using=link text, value=Hampton Fancher}
	at org.openqa.selenium.remote.ErrorHandler.createThrowable(ErrorHandler.java:215)
	at org.openqa.selenium.remote.ErrorHandler.throwIfResponseFailed(ErrorHandler.java:167)
	at org.openqa.selenium.remote.RemoteWebDriver.execute(RemoteWebDriver.java:671)
	at org.openqa.selenium.remote.RemoteWebDriver.findElement(RemoteWebDriver.java:410)
	at org.openqa.selenium.remote.RemoteWebDriver.findElementByLinkText(RemoteWebDriver.java:461)
	at org.openqa.selenium.By$ByLinkText.findElement(By.java:246)
	at org.openqa.selenium.remote.RemoteWebDriver.findElement(RemoteWebDriver.java:402)
	at com.tcm.TCMTests.verifyMovieFourActor1(TCMTests.java:187)
	at com.tcm.TCMDemoTest.verifyMovieFourOneActor1Test(TCMDemoTest.java:142)
... Removed 28 stack frames]]>
    </failure>
  </testcase> <!-- verifyMovieFourOneActor1Test -->
  <testcase classname="com.tcm.TCMDemoTest" name="verifyMovieFourOneActor2Test" time="5.063">
    <failure type="org.openqa.selenium.NoSuchElementException" message="no such element: Unable to locate element: {&amp;quot;method&amp;quot;:&amp;quot;link text&amp;quot;,&amp;quot;selector&amp;quot;:&amp;quot;Pamela Austin&amp;quot;}
  (Session info: chrome=69.0.3497.100)
  (Driver info: chromedriver=2.42.591059 (a3d9684d10d61aa0c45f6723b327283be1ebaad8),platform=Mac OS X 10.13.5 x86_64) (WARNING: The server did not provide any stacktrace information)
Command duration or timeout: 5.06 seconds
For documentation on this error, please visit: http://seleniumhq.org/exceptions/no_such_element.html
Build info: version: &amp;apos;3.4.0&amp;apos;, revision: &amp;apos;unknown&amp;apos;, time: &amp;apos;unknown&amp;apos;
System info: host: &amp;apos;Kishas-iMac.local&amp;apos;, ip: &amp;apos;10.0.0.90&amp;apos;, os.name: &amp;apos;Mac OS X&amp;apos;, os.arch: &amp;apos;x86_64&amp;apos;, os.version: &amp;apos;10.13.5&amp;apos;, java.version: &amp;apos;9.0.4&amp;apos;
Driver info: org.openqa.selenium.chrome.ChromeDriver
Capabilities [{mobileEmulationEnabled=false, hasTouchScreen=false, platform=MAC, acceptSslCerts=false, goog:chromeOptions={debuggerAddress=localhost:49479}, acceptInsecureCerts=false, webStorageEnabled=true, browserName=chrome, takesScreenshot=true, javascriptEnabled=true, setWindowRect=true, unexpectedAlertBehaviour=, applicationCacheEnabled=false, rotatable=false, networkConnectionEnabled=false, chrome={chromedriverVersion=2.42.591059 (a3d9684d10d61aa0c45f6723b327283be1ebaad8), userDataDir=/var/folders/kz/jbf7x2tx4q7cfqjwsf5jbh1w0000gn/T/.org.chromium.Chromium.eAJKF7}, takesHeapSnapshot=true, pageLoadStrategy=normal, databaseEnabled=false, handlesAlerts=true, version=69.0.3497.100, browserConnectionEnabled=false, nativeEvents=true, locationContextEnabled=true, cssSelectorsEnabled=true}]
Session ID: c48b3d1492da15c00b6bbf96843a73f5
*** Element info: {Using=link text, value=Pamela Austin}">
      <![CDATA[org.openqa.selenium.NoSuchElementException: no such element: Unable to locate element: {"method":"link text","selector":"Pamela Austin"}
  (Session info: chrome=69.0.3497.100)
  (Driver info: chromedriver=2.42.591059 (a3d9684d10d61aa0c45f6723b327283be1ebaad8),platform=Mac OS X 10.13.5 x86_64) (WARNING: The server did not provide any stacktrace information)
Command duration or timeout: 5.06 seconds
For documentation on this error, please visit: http://seleniumhq.org/exceptions/no_such_element.html
Build info: version: '3.4.0', revision: 'unknown', time: 'unknown'
System info: host: 'Kishas-iMac.local', ip: '10.0.0.90', os.name: 'Mac OS X', os.arch: 'x86_64', os.version: '10.13.5', java.version: '9.0.4'
Driver info: org.openqa.selenium.chrome.ChromeDriver
Capabilities [{mobileEmulationEnabled=false, hasTouchScreen=false, platform=MAC, acceptSslCerts=false, goog:chromeOptions={debuggerAddress=localhost:49479}, acceptInsecureCerts=false, webStorageEnabled=true, browserName=chrome, takesScreenshot=true, javascriptEnabled=true, setWindowRect=true, unexpectedAlertBehaviour=, applicationCacheEnabled=false, rotatable=false, networkConnectionEnabled=false, chrome={chromedriverVersion=2.42.591059 (a3d9684d10d61aa0c45f6723b327283be1ebaad8), userDataDir=/var/folders/kz/jbf7x2tx4q7cfqjwsf5jbh1w0000gn/T/.org.chromium.Chromium.eAJKF7}, takesHeapSnapshot=true, pageLoadStrategy=normal, databaseEnabled=false, handlesAlerts=true, version=69.0.3497.100, browserConnectionEnabled=false, nativeEvents=true, locationContextEnabled=true, cssSelectorsEnabled=true}]
Session ID: c48b3d1492da15c00b6bbf96843a73f5
*** Element info: {Using=link text, value=Pamela Austin}
	at org.openqa.selenium.remote.ErrorHandler.createThrowable(ErrorHandler.java:215)
	at org.openqa.selenium.remote.ErrorHandler.throwIfResponseFailed(ErrorHandler.java:167)
	at org.openqa.selenium.remote.RemoteWebDriver.execute(RemoteWebDriver.java:671)
	at org.openqa.selenium.remote.RemoteWebDriver.findElement(RemoteWebDriver.java:410)
	at org.openqa.selenium.remote.RemoteWebDriver.findElementByLinkText(RemoteWebDriver.java:461)
	at org.openqa.selenium.By$ByLinkText.findElement(By.java:246)
	at org.openqa.selenium.remote.RemoteWebDriver.findElement(RemoteWebDriver.java:402)
	at com.tcm.TCMTests.verifyMovieFourActor2(TCMTests.java:193)
	at com.tcm.TCMDemoTest.verifyMovieFourOneActor2Test(TCMDemoTest.java:147)
... Removed 28 stack frames]]>
    </failure>
  </testcase> <!-- verifyMovieFourOneActor2Test -->
  <testcase classname="com.tcm.TCMDemoTest" name="verifyReleaseFourDateOneTest" time="0.032">
    <failure type="java.lang.AssertionError" message="expected [1967] but found [1962]">
      <![CDATA[java.lang.AssertionError: expected [1967] but found [1962]
	at com.tcm.TCMTests.verifyReleaseDateFour(TCMTests.java:201)
	at com.tcm.TCMDemoTest.verifyReleaseFourDateOneTest(TCMDemoTest.java:152)
... Removed 30 stack frames]]>
    </failure>
  </testcase> <!-- verifyReleaseFourDateOneTest -->
  <testcase classname="com.tcm.TCMDemoTest" name="clickMovieLinkFiveTest" time="5.059">
    <failure type="org.openqa.selenium.NoSuchElementException" message="no such element: Unable to locate element: {&amp;quot;method&amp;quot;:&amp;quot;link text&amp;quot;,&amp;quot;selector&amp;quot;:&amp;quot;The Secret Garden (1949)&amp;quot;}
  (Session info: chrome=69.0.3497.100)
  (Driver info: chromedriver=2.42.591059 (a3d9684d10d61aa0c45f6723b327283be1ebaad8),platform=Mac OS X 10.13.5 x86_64) (WARNING: The server did not provide any stacktrace information)
Command duration or timeout: 5.06 seconds
For documentation on this error, please visit: http://seleniumhq.org/exceptions/no_such_element.html
Build info: version: &amp;apos;3.4.0&amp;apos;, revision: &amp;apos;unknown&amp;apos;, time: &amp;apos;unknown&amp;apos;
System info: host: &amp;apos;Kishas-iMac.local&amp;apos;, ip: &amp;apos;10.0.0.90&amp;apos;, os.name: &amp;apos;Mac OS X&amp;apos;, os.arch: &amp;apos;x86_64&amp;apos;, os.version: &amp;apos;10.13.5&amp;apos;, java.version: &amp;apos;9.0.4&amp;apos;
Driver info: org.openqa.selenium.chrome.ChromeDriver
Capabilities [{mobileEmulationEnabled=false, hasTouchScreen=false, platform=MAC, acceptSslCerts=false, goog:chromeOptions={debuggerAddress=localhost:49479}, acceptInsecureCerts=false, webStorageEnabled=true, browserName=chrome, takesScreenshot=true, javascriptEnabled=true, setWindowRect=true, unexpectedAlertBehaviour=, applicationCacheEnabled=false, rotatable=false, networkConnectionEnabled=false, chrome={chromedriverVersion=2.42.591059 (a3d9684d10d61aa0c45f6723b327283be1ebaad8), userDataDir=/var/folders/kz/jbf7x2tx4q7cfqjwsf5jbh1w0000gn/T/.org.chromium.Chromium.eAJKF7}, takesHeapSnapshot=true, pageLoadStrategy=normal, databaseEnabled=false, handlesAlerts=true, version=69.0.3497.100, browserConnectionEnabled=false, nativeEvents=true, locationContextEnabled=true, cssSelectorsEnabled=true}]
Session ID: c48b3d1492da15c00b6bbf96843a73f5
*** Element info: {Using=link text, value=The Secret Garden (1949)}">
      <![CDATA[org.openqa.selenium.NoSuchElementException: no such element: Unable to locate element: {"method":"link text","selector":"The Secret Garden (1949)"}
  (Session info: chrome=69.0.3497.100)
  (Driver info: chromedriver=2.42.591059 (a3d9684d10d61aa0c45f6723b327283be1ebaad8),platform=Mac OS X 10.13.5 x86_64) (WARNING: The server did not provide any stacktrace information)
Command duration or timeout: 5.06 seconds
For documentation on this error, please visit: http://seleniumhq.org/exceptions/no_such_element.html
Build info: version: '3.4.0', revision: 'unknown', time: 'unknown'
System info: host: 'Kishas-iMac.local', ip: '10.0.0.90', os.name: 'Mac OS X', os.arch: 'x86_64', os.version: '10.13.5', java.version: '9.0.4'
Driver info: org.openqa.selenium.chrome.ChromeDriver
Capabilities [{mobileEmulationEnabled=false, hasTouchScreen=false, platform=MAC, acceptSslCerts=false, goog:chromeOptions={debuggerAddress=localhost:49479}, acceptInsecureCerts=false, webStorageEnabled=true, browserName=chrome, takesScreenshot=true, javascriptEnabled=true, setWindowRect=true, unexpectedAlertBehaviour=, applicationCacheEnabled=false, rotatable=false, networkConnectionEnabled=false, chrome={chromedriverVersion=2.42.591059 (a3d9684d10d61aa0c45f6723b327283be1ebaad8), userDataDir=/var/folders/kz/jbf7x2tx4q7cfqjwsf5jbh1w0000gn/T/.org.chromium.Chromium.eAJKF7}, takesHeapSnapshot=true, pageLoadStrategy=normal, databaseEnabled=false, handlesAlerts=true, version=69.0.3497.100, browserConnectionEnabled=false, nativeEvents=true, locationContextEnabled=true, cssSelectorsEnabled=true}]
Session ID: c48b3d1492da15c00b6bbf96843a73f5
*** Element info: {Using=link text, value=The Secret Garden (1949)}
	at org.openqa.selenium.remote.ErrorHandler.createThrowable(ErrorHandler.java:215)
	at org.openqa.selenium.remote.ErrorHandler.throwIfResponseFailed(ErrorHandler.java:167)
	at org.openqa.selenium.remote.RemoteWebDriver.execute(RemoteWebDriver.java:671)
	at org.openqa.selenium.remote.RemoteWebDriver.findElement(RemoteWebDriver.java:410)
	at org.openqa.selenium.remote.RemoteWebDriver.findElementByLinkText(RemoteWebDriver.java:461)
	at org.openqa.selenium.By$ByLinkText.findElement(By.java:246)
	at org.openqa.selenium.remote.RemoteWebDriver.findElement(RemoteWebDriver.java:402)
	at com.tcm.TCMTests.clickMovieLinkFive(TCMTests.java:209)
	at com.tcm.TCMDemoTest.clickMovieLinkFiveTest(TCMDemoTest.java:159)
... Removed 28 stack frames]]>
    </failure>
  </testcase> <!-- clickMovieLinkFiveTest -->
  <testcase classname="com.tcm.TCMDemoTest" name="verifyMovieFivePageTitleTest" time="0.031">
    <failure type="java.lang.AssertionError" message="expected [THOROUGHLY MODERN MILLIE] but found [THE SECRET GARDEN]">
      <![CDATA[java.lang.AssertionError: expected [THOROUGHLY MODERN MILLIE] but found [THE SECRET GARDEN]
	at com.tcm.TCMTests.verifyMovieFivePageTitle(TCMTests.java:219)
	at com.tcm.TCMDemoTest.verifyMovieFivePageTitleTest(TCMDemoTest.java:164)
... Removed 30 stack frames]]>
    </failure>
  </testcase> <!-- verifyMovieFivePageTitleTest -->
  <testcase classname="com.tcm.TCMDemoTest" name="verifyMovieFiveOverviewTest" time="0.03">
    <failure type="java.lang.AssertionError" message="expected [A small-town girl hits the big city in search of romance Roaring Twenties style.] but found [An orphaned girl changes the lives of those she encounters at a remote estate.]">
      <![CDATA[java.lang.AssertionError: expected [A small-town girl hits the big city in search of romance Roaring Twenties style.] but found [An orphaned girl changes the lives of those she encounters at a remote estate.]
	at com.tcm.TCMTests.verifyMovieFiveOverview(TCMTests.java:225)
	at com.tcm.TCMDemoTest.verifyMovieFiveOverviewTest(TCMDemoTest.java:169)
... Removed 30 stack frames]]>
    </failure>
  </testcase> <!-- verifyMovieFiveOverviewTest -->
  <testcase classname="com.tcm.TCMDemoTest" name="verifyMovievOneActor1Test" time="5.019">
    <failure type="org.openqa.selenium.NoSuchElementException" message="no such element: Unable to locate element: {&amp;quot;method&amp;quot;:&amp;quot;link text&amp;quot;,&amp;quot;selector&amp;quot;:&amp;quot;Margaret O&amp;apos;Brien&amp;quot;}
  (Session info: chrome=69.0.3497.100)
  (Driver info: chromedriver=2.42.591059 (a3d9684d10d61aa0c45f6723b327283be1ebaad8),platform=Mac OS X 10.13.5 x86_64) (WARNING: The server did not provide any stacktrace information)
Command duration or timeout: 5.02 seconds
For documentation on this error, please visit: http://seleniumhq.org/exceptions/no_such_element.html
Build info: version: &amp;apos;3.4.0&amp;apos;, revision: &amp;apos;unknown&amp;apos;, time: &amp;apos;unknown&amp;apos;
System info: host: &amp;apos;Kishas-iMac.local&amp;apos;, ip: &amp;apos;10.0.0.90&amp;apos;, os.name: &amp;apos;Mac OS X&amp;apos;, os.arch: &amp;apos;x86_64&amp;apos;, os.version: &amp;apos;10.13.5&amp;apos;, java.version: &amp;apos;9.0.4&amp;apos;
Driver info: org.openqa.selenium.chrome.ChromeDriver
Capabilities [{mobileEmulationEnabled=false, hasTouchScreen=false, platform=MAC, acceptSslCerts=false, goog:chromeOptions={debuggerAddress=localhost:49479}, acceptInsecureCerts=false, webStorageEnabled=true, browserName=chrome, takesScreenshot=true, javascriptEnabled=true, setWindowRect=true, unexpectedAlertBehaviour=, applicationCacheEnabled=false, rotatable=false, networkConnectionEnabled=false, chrome={chromedriverVersion=2.42.591059 (a3d9684d10d61aa0c45f6723b327283be1ebaad8), userDataDir=/var/folders/kz/jbf7x2tx4q7cfqjwsf5jbh1w0000gn/T/.org.chromium.Chromium.eAJKF7}, takesHeapSnapshot=true, pageLoadStrategy=normal, databaseEnabled=false, handlesAlerts=true, version=69.0.3497.100, browserConnectionEnabled=false, nativeEvents=true, locationContextEnabled=true, cssSelectorsEnabled=true}]
Session ID: c48b3d1492da15c00b6bbf96843a73f5
*** Element info: {Using=link text, value=Margaret O&amp;apos;Brien}">
      <![CDATA[org.openqa.selenium.NoSuchElementException: no such element: Unable to locate element: {"method":"link text","selector":"Margaret O'Brien"}
  (Session info: chrome=69.0.3497.100)
  (Driver info: chromedriver=2.42.591059 (a3d9684d10d61aa0c45f6723b327283be1ebaad8),platform=Mac OS X 10.13.5 x86_64) (WARNING: The server did not provide any stacktrace information)
Command duration or timeout: 5.02 seconds
For documentation on this error, please visit: http://seleniumhq.org/exceptions/no_such_element.html
Build info: version: '3.4.0', revision: 'unknown', time: 'unknown'
System info: host: 'Kishas-iMac.local', ip: '10.0.0.90', os.name: 'Mac OS X', os.arch: 'x86_64', os.version: '10.13.5', java.version: '9.0.4'
Driver info: org.openqa.selenium.chrome.ChromeDriver
Capabilities [{mobileEmulationEnabled=false, hasTouchScreen=false, platform=MAC, acceptSslCerts=false, goog:chromeOptions={debuggerAddress=localhost:49479}, acceptInsecureCerts=false, webStorageEnabled=true, browserName=chrome, takesScreenshot=true, javascriptEnabled=true, setWindowRect=true, unexpectedAlertBehaviour=, applicationCacheEnabled=false, rotatable=false, networkConnectionEnabled=false, chrome={chromedriverVersion=2.42.591059 (a3d9684d10d61aa0c45f6723b327283be1ebaad8), userDataDir=/var/folders/kz/jbf7x2tx4q7cfqjwsf5jbh1w0000gn/T/.org.chromium.Chromium.eAJKF7}, takesHeapSnapshot=true, pageLoadStrategy=normal, databaseEnabled=false, handlesAlerts=true, version=69.0.3497.100, browserConnectionEnabled=false, nativeEvents=true, locationContextEnabled=true, cssSelectorsEnabled=true}]
Session ID: c48b3d1492da15c00b6bbf96843a73f5
*** Element info: {Using=link text, value=Margaret O'Brien}
	at org.openqa.selenium.remote.ErrorHandler.createThrowable(ErrorHandler.java:215)
	at org.openqa.selenium.remote.ErrorHandler.throwIfResponseFailed(ErrorHandler.java:167)
	at org.openqa.selenium.remote.RemoteWebDriver.execute(RemoteWebDriver.java:671)
	at org.openqa.selenium.remote.RemoteWebDriver.findElement(RemoteWebDriver.java:410)
	at org.openqa.selenium.remote.RemoteWebDriver.findElementByLinkText(RemoteWebDriver.java:461)
	at org.openqa.selenium.By$ByLinkText.findElement(By.java:246)
	at org.openqa.selenium.remote.RemoteWebDriver.findElement(RemoteWebDriver.java:402)
	at com.tcm.TCMTests.verifyMovieFiveActor1(TCMTests.java:230)
	at com.tcm.TCMDemoTest.verifyMovievOneActor1Test(TCMDemoTest.java:174)
... Removed 28 stack frames]]>
    </failure>
  </testcase> <!-- verifyMovievOneActor1Test -->
  <testcase classname="com.tcm.TCMDemoTest" name="verifyMovieFiveOneActor2Test" time="5.083">
    <failure type="org.openqa.selenium.NoSuchElementException" message="no such element: Unable to locate element: {&amp;quot;method&amp;quot;:&amp;quot;link text&amp;quot;,&amp;quot;selector&amp;quot;:&amp;quot;Aubrey Mather&amp;quot;}
  (Session info: chrome=69.0.3497.100)
  (Driver info: chromedriver=2.42.591059 (a3d9684d10d61aa0c45f6723b327283be1ebaad8),platform=Mac OS X 10.13.5 x86_64) (WARNING: The server did not provide any stacktrace information)
Command duration or timeout: 5.08 seconds
For documentation on this error, please visit: http://seleniumhq.org/exceptions/no_such_element.html
Build info: version: &amp;apos;3.4.0&amp;apos;, revision: &amp;apos;unknown&amp;apos;, time: &amp;apos;unknown&amp;apos;
System info: host: &amp;apos;Kishas-iMac.local&amp;apos;, ip: &amp;apos;10.0.0.90&amp;apos;, os.name: &amp;apos;Mac OS X&amp;apos;, os.arch: &amp;apos;x86_64&amp;apos;, os.version: &amp;apos;10.13.5&amp;apos;, java.version: &amp;apos;9.0.4&amp;apos;
Driver info: org.openqa.selenium.chrome.ChromeDriver
Capabilities [{mobileEmulationEnabled=false, hasTouchScreen=false, platform=MAC, acceptSslCerts=false, goog:chromeOptions={debuggerAddress=localhost:49479}, acceptInsecureCerts=false, webStorageEnabled=true, browserName=chrome, takesScreenshot=true, javascriptEnabled=true, setWindowRect=true, unexpectedAlertBehaviour=, applicationCacheEnabled=false, rotatable=false, networkConnectionEnabled=false, chrome={chromedriverVersion=2.42.591059 (a3d9684d10d61aa0c45f6723b327283be1ebaad8), userDataDir=/var/folders/kz/jbf7x2tx4q7cfqjwsf5jbh1w0000gn/T/.org.chromium.Chromium.eAJKF7}, takesHeapSnapshot=true, pageLoadStrategy=normal, databaseEnabled=false, handlesAlerts=true, version=69.0.3497.100, browserConnectionEnabled=false, nativeEvents=true, locationContextEnabled=true, cssSelectorsEnabled=true}]
Session ID: c48b3d1492da15c00b6bbf96843a73f5
*** Element info: {Using=link text, value=Aubrey Mather}">
      <![CDATA[org.openqa.selenium.NoSuchElementException: no such element: Unable to locate element: {"method":"link text","selector":"Aubrey Mather"}
  (Session info: chrome=69.0.3497.100)
  (Driver info: chromedriver=2.42.591059 (a3d9684d10d61aa0c45f6723b327283be1ebaad8),platform=Mac OS X 10.13.5 x86_64) (WARNING: The server did not provide any stacktrace information)
Command duration or timeout: 5.08 seconds
For documentation on this error, please visit: http://seleniumhq.org/exceptions/no_such_element.html
Build info: version: '3.4.0', revision: 'unknown', time: 'unknown'
System info: host: 'Kishas-iMac.local', ip: '10.0.0.90', os.name: 'Mac OS X', os.arch: 'x86_64', os.version: '10.13.5', java.version: '9.0.4'
Driver info: org.openqa.selenium.chrome.ChromeDriver
Capabilities [{mobileEmulationEnabled=false, hasTouchScreen=false, platform=MAC, acceptSslCerts=false, goog:chromeOptions={debuggerAddress=localhost:49479}, acceptInsecureCerts=false, webStorageEnabled=true, browserName=chrome, takesScreenshot=true, javascriptEnabled=true, setWindowRect=true, unexpectedAlertBehaviour=, applicationCacheEnabled=false, rotatable=false, networkConnectionEnabled=false, chrome={chromedriverVersion=2.42.591059 (a3d9684d10d61aa0c45f6723b327283be1ebaad8), userDataDir=/var/folders/kz/jbf7x2tx4q7cfqjwsf5jbh1w0000gn/T/.org.chromium.Chromium.eAJKF7}, takesHeapSnapshot=true, pageLoadStrategy=normal, databaseEnabled=false, handlesAlerts=true, version=69.0.3497.100, browserConnectionEnabled=false, nativeEvents=true, locationContextEnabled=true, cssSelectorsEnabled=true}]
Session ID: c48b3d1492da15c00b6bbf96843a73f5
*** Element info: {Using=link text, value=Aubrey Mather}
	at org.openqa.selenium.remote.ErrorHandler.createThrowable(ErrorHandler.java:215)
	at org.openqa.selenium.remote.ErrorHandler.throwIfResponseFailed(ErrorHandler.java:167)
	at org.openqa.selenium.remote.RemoteWebDriver.execute(RemoteWebDriver.java:671)
	at org.openqa.selenium.remote.RemoteWebDriver.findElement(RemoteWebDriver.java:410)
	at org.openqa.selenium.remote.RemoteWebDriver.findElementByLinkText(RemoteWebDriver.java:461)
	at org.openqa.selenium.By$ByLinkText.findElement(By.java:246)
	at org.openqa.selenium.remote.RemoteWebDriver.findElement(RemoteWebDriver.java:402)
	at com.tcm.TCMTests.verifyMovieFiveActor2(TCMTests.java:236)
	at com.tcm.TCMDemoTest.verifyMovieFiveOneActor2Test(TCMDemoTest.java:179)
... Removed 28 stack frames]]>
    </failure>
  </testcase> <!-- verifyMovieFiveOneActor2Test -->
  <testcase classname="com.tcm.TCMDemoTest" name="verifyReleaseFiveDateOneTest" time="0.031">
    <failure type="java.lang.AssertionError" message="expected [1967] but found [1949]">
      <![CDATA[java.lang.AssertionError: expected [1967] but found [1949]
	at com.tcm.TCMTests.verifyReleaseDateFive(TCMTests.java:244)
	at com.tcm.TCMDemoTest.verifyReleaseFiveDateOneTest(TCMDemoTest.java:184)
... Removed 30 stack frames]]>
    </failure>
  </testcase> <!-- verifyReleaseFiveDateOneTest -->
</testsuite> <!-- TCM_assignment -->
