<!DOCTYPE html PUBLIC "-//W3C//DTD XHTML 1.1//EN" "http://www.w3.org/TR/xhtml11/DTD/xhtml11.dtd">
<html xmlns="http://www.w3.org/1999/xhtml"><head><title>TestNG Report</title><style type="text/css">table {margin-bottom:10px;border-collapse:collapse;empty-cells:show}th,td {border:1px solid #009;padding:.25em .5em}th {vertical-align:bottom}td {vertical-align:top}table a {font-weight:bold}.stripe td {background-color: #E6EBF9}.num {text-align:right}.passedodd td {background-color: #3F3}.passedeven td {background-color: #0A0}.skippedodd td {background-color: #DDD}.skippedeven td {background-color: #CCC}.failedodd td,.attn {background-color: #F33}.failedeven td,.stripe .attn {background-color: #D00}.stacktrace {white-space:pre;font-family:monospace}.totop {font-size:85%;text-align:center;border-bottom:2px solid #000}</style></head><body><table><tr><th>Test</th><th># Passed</th><th># Skipped</th><th># Failed</th><th>Time (ms)</th><th>Included Groups</th><th>Excluded Groups</th></tr><tr><th colspan="7">Default Suite</th></tr><tr><td><a href="#t0">TCM_assignment</a></td><td class="num">20</td><td class="num">0</td><td class="num attn">12</td><td class="num">40,780</td><td></td><td></td></tr></table><table id='summary'><thead><tr><th>Class</th><th>Method</th><th>Start</th><th>Time (ms)</th></tr></thead><tbody><tr><th colspan="4">Default Suite</th></tr></tbody><tbody id="t0"><tr><th colspan="4">TCM_assignment &#8212; failed</th></tr><tr class="failedeven"><td rowspan="12">com.tcm.TCMDemoTest</td><td><a href="#m0">clickMovieLinkFiveTest</a></td><td rowspan="1">1539178213963</td><td rowspan="1">5059</td></tr><tr class="failedeven"><td><a href="#m1">verifyMovieFiveOneActor2Test</a></td><td rowspan="1">1539178224108</td><td rowspan="1">5083</td></tr><tr class="failedeven"><td><a href="#m2">verifyMovieFiveOverviewTest</a></td><td rowspan="1">1539178219056</td><td rowspan="1">30</td></tr><tr class="failedeven"><td><a href="#m3">verifyMovieFivePageTitleTest</a></td><td rowspan="1">1539178219024</td><td rowspan="1">31</td></tr><tr class="failedeven"><td><a href="#m4">verifyMovieFourOneActor1Test</a></td><td rowspan="1">1539178203550</td><td rowspan="1">5309</td></tr><tr class="failedeven"><td><a href="#m5">verifyMovieFourOneActor2Test</a></td><td rowspan="1">1539178208864</td><td rowspan="1">5063</td></tr><tr class="failedeven"><td><a href="#m6">verifyMovieFourOverviewTest</a></td><td rowspan="1">1539178203510</td><td rowspan="1">39</td></tr><tr class="failedeven"><td><a href="#m7">verifyMovieFourPageTitleTest</a></td><td rowspan="1">1539178202721</td><td rowspan="1">788</td></tr><tr class="failedeven"><td><a href="#m8">verifyMoviePageTitleTest</a></td><td rowspan="1">1539178193708</td><td rowspan="1">431</td></tr><tr class="failedeven"><td><a href="#m9">verifyMovievOneActor1Test</a></td><td rowspan="1">1539178219087</td><td rowspan="1">5019</td></tr><tr class="failedeven"><td><a href="#m10">verifyReleaseFiveDateOneTest</a></td><td rowspan="1">1539178229193</td><td rowspan="1">31</td></tr><tr class="failedeven"><td><a href="#m11">verifyReleaseFourDateOneTest</a></td><td rowspan="1">1539178213930</td><td rowspan="1">32</td></tr><tr><th colspan="4">TCM_assignment &#8212; passed</th></tr><tr class="passedeven"><td rowspan="20">com.tcm.TCMDemoTest</td><td><a href="#m12">clickMovieLinkFourTest</a></td><td rowspan="1">1539178201734</td><td rowspan="1">987</td></tr><tr class="passedeven"><td><a href="#m13">clickMovieLinkOneTest</a></td><td rowspan="1">1539178192340</td><td rowspan="1">1367</td></tr><tr class="passedeven"><td><a href="#m14">clickMovieLinkThreeTest</a></td><td rowspan="1">1539178198876</td><td rowspan="1">1870</td></tr><tr class="passedeven"><td><a href="#m15">clickMovieLinkTwoTest</a></td><td rowspan="1">1539178195576</td><td rowspan="1">1366</td></tr><tr class="passedeven"><td><a href="#m16">loadTestUrlTest</a></td><td rowspan="1">1539178189296</td><td rowspan="1">3018</td></tr><tr class="passedeven"><td><a href="#m17">verifyMovieOneActor1Test</a></td><td rowspan="1">1539178194744</td><td rowspan="1">66</td></tr><tr class="passedeven"><td><a href="#m18">verifyMovieOneActor2Test</a></td><td rowspan="1">1539178194811</td><td rowspan="1">51</td></tr><tr class="passedeven"><td><a href="#m19">verifyMovieOverviewTest</a></td><td rowspan="1">1539178194144</td><td rowspan="1">600</td></tr><tr class="passedeven"><td><a href="#m20">verifyMovieThreeOneActor1Test</a></td><td rowspan="1">1539178200961</td><td rowspan="1">74</td></tr><tr class="passedeven"><td><a href="#m21">verifyMovieThreeOneActor2Test</a></td><td rowspan="1">1539178201035</td><td rowspan="1">50</td></tr><tr class="passedeven"><td><a href="#m22">verifyMovieThreeOverviewTest</a></td><td rowspan="1">1539178200876</td><td rowspan="1">84</td></tr><tr class="passedeven"><td><a href="#m23">verifyMovieThreePageTitleTest</a></td><td rowspan="1">1539178200746</td><td rowspan="1">130</td></tr><tr class="passedeven"><td><a href="#m24">verifyMovieTwoOneActor1Test</a></td><td rowspan="1">1539178197804</td><td rowspan="1">60</td></tr><tr class="passedeven"><td><a href="#m25">verifyMovieTwoOneActor2Test</a></td><td rowspan="1">1539178197864</td><td rowspan="1">50</td></tr><tr class="passedeven"><td><a href="#m26">verifyMovieTwoOverviewTest</a></td><td rowspan="1">1539178197761</td><td rowspan="1">42</td></tr><tr class="passedeven"><td><a href="#m27">verifyMovieTwoPageTitleTest</a></td><td rowspan="1">1539178196942</td><td rowspan="1">818</td></tr><tr class="passedeven"><td><a href="#m28">verifyPageTitleTest</a></td><td rowspan="1">1539178192315</td><td rowspan="1">25</td></tr><tr class="passedeven"><td><a href="#m29">verifyReleaseDateOneTest</a></td><td rowspan="1">1539178194862</td><td rowspan="1">713</td></tr><tr class="passedeven"><td><a href="#m30">verifyReleaseThreeDateOneTest</a></td><td rowspan="1">1539178201085</td><td rowspan="1">648</td></tr><tr class="passedeven"><td><a href="#m31">verifyReleaseTwoDateOneTest</a></td><td rowspan="1">1539178197914</td><td rowspan="1">962</td></tr></tbody></table><h2>TCM_assignment</h2><h3 id="m0">com.tcm.TCMDemoTest#clickMovieLinkFiveTest</h3><table class="result"><tr><th>Exception</th></tr><tr><td><div class="stacktrace">org.openqa.selenium.NoSuchElementException: no such element: Unable to locate element: {&quot;method&quot;:&quot;link text&quot;,&quot;selector&quot;:&quot;The Secret Garden (1949)&quot;}
  (Session info: chrome=69.0.3497.100)
  (Driver info: chromedriver=2.42.591059 (a3d9684d10d61aa0c45f6723b327283be1ebaad8),platform=Mac OS X 10.13.5 x86_64) (WARNING: The server did not provide any stacktrace information)
Command duration or timeout: 5.06 seconds
For documentation on this error, please visit: http://seleniumhq.org/exceptions/no_such_element.html
Build info: version: &apos;3.4.0&apos;, revision: &apos;unknown&apos;, time: &apos;unknown&apos;
System info: host: &apos;Kishas-iMac.local&apos;, ip: &apos;10.0.0.90&apos;, os.name: &apos;Mac OS X&apos;, os.arch: &apos;x86_64&apos;, os.version: &apos;10.13.5&apos;, java.version: &apos;9.0.4&apos;
Driver info: org.openqa.selenium.chrome.ChromeDriver
Capabilities [{mobileEmulationEnabled=false, hasTouchScreen=false, platform=MAC, acceptSslCerts=false, goog:chromeOptions={debuggerAddress=localhost:49479}, acceptInsecureCerts=false, webStorageEnabled=true, browserName=chrome, takesScreenshot=true, javascriptEnabled=true, setWindowRect=true, unexpectedAlertBehaviour=, applicationCacheEnabled=false, rotatable=false, networkConnectionEnabled=false, chrome={chromedriverVersion=2.42.591059 (a3d9684d10d61aa0c45f6723b327283be1ebaad8), userDataDir=/var/folders/kz/jbf7x2tx4q7cfqjwsf5jbh1w0000gn/T/.org.chromium.Chromium.eAJKF7}, takesHeapSnapshot=true, pageLoadStrategy=normal, databaseEnabled=false, handlesAlerts=true, version=69.0.3497.100, browserConnectionEnabled=false, nativeEvents=true, locationContextEnabled=true, cssSelectorsEnabled=true}]
Session ID: c48b3d1492da15c00b6bbf96843a73f5
*** Element info: {Using=link text, value=The Secret Garden (1949)}
	at org.openqa.selenium.remote.ErrorHandler.createThrowable(ErrorHandler.java:215)
	at org.openqa.selenium.remote.ErrorHandler.throwIfResponseFailed(ErrorHandler.java:167)
	at org.openqa.selenium.remote.RemoteWebDriver.execute(RemoteWebDriver.java:671)
	at org.openqa.selenium.remote.RemoteWebDriver.findElement(RemoteWebDriver.java:410)
	at org.openqa.selenium.remote.RemoteWebDriver.findElementByLinkText(RemoteWebDriver.java:461)
	at org.openqa.selenium.By$ByLinkText.findElement(By.java:246)
	at org.openqa.selenium.remote.RemoteWebDriver.findElement(RemoteWebDriver.java:402)
	at com.tcm.TCMTests.clickMovieLinkFive(TCMTests.java:209)
	at com.tcm.TCMDemoTest.clickMovieLinkFiveTest(TCMDemoTest.java:159)
... Removed 28 stack frames</div></td></tr></table><p class="totop"><a href="#summary">back to summary</a></p><h3 id="m1">com.tcm.TCMDemoTest#verifyMovieFiveOneActor2Test</h3><table class="result"><tr><th>Exception</th></tr><tr><td><div class="stacktrace">org.openqa.selenium.NoSuchElementException: no such element: Unable to locate element: {&quot;method&quot;:&quot;link text&quot;,&quot;selector&quot;:&quot;Aubrey Mather&quot;}
  (Session info: chrome=69.0.3497.100)
  (Driver info: chromedriver=2.42.591059 (a3d9684d10d61aa0c45f6723b327283be1ebaad8),platform=Mac OS X 10.13.5 x86_64) (WARNING: The server did not provide any stacktrace information)
Command duration or timeout: 5.08 seconds
For documentation on this error, please visit: http://seleniumhq.org/exceptions/no_such_element.html
Build info: version: &apos;3.4.0&apos;, revision: &apos;unknown&apos;, time: &apos;unknown&apos;
System info: host: &apos;Kishas-iMac.local&apos;, ip: &apos;10.0.0.90&apos;, os.name: &apos;Mac OS X&apos;, os.arch: &apos;x86_64&apos;, os.version: &apos;10.13.5&apos;, java.version: &apos;9.0.4&apos;
Driver info: org.openqa.selenium.chrome.ChromeDriver
Capabilities [{mobileEmulationEnabled=false, hasTouchScreen=false, platform=MAC, acceptSslCerts=false, goog:chromeOptions={debuggerAddress=localhost:49479}, acceptInsecureCerts=false, webStorageEnabled=true, browserName=chrome, takesScreenshot=true, javascriptEnabled=true, setWindowRect=true, unexpectedAlertBehaviour=, applicationCacheEnabled=false, rotatable=false, networkConnectionEnabled=false, chrome={chromedriverVersion=2.42.591059 (a3d9684d10d61aa0c45f6723b327283be1ebaad8), userDataDir=/var/folders/kz/jbf7x2tx4q7cfqjwsf5jbh1w0000gn/T/.org.chromium.Chromium.eAJKF7}, takesHeapSnapshot=true, pageLoadStrategy=normal, databaseEnabled=false, handlesAlerts=true, version=69.0.3497.100, browserConnectionEnabled=false, nativeEvents=true, locationContextEnabled=true, cssSelectorsEnabled=true}]
Session ID: c48b3d1492da15c00b6bbf96843a73f5
*** Element info: {Using=link text, value=Aubrey Mather}
	at org.openqa.selenium.remote.ErrorHandler.createThrowable(ErrorHandler.java:215)
	at org.openqa.selenium.remote.ErrorHandler.throwIfResponseFailed(ErrorHandler.java:167)
	at org.openqa.selenium.remote.RemoteWebDriver.execute(RemoteWebDriver.java:671)
	at org.openqa.selenium.remote.RemoteWebDriver.findElement(RemoteWebDriver.java:410)
	at org.openqa.selenium.remote.RemoteWebDriver.findElementByLinkText(RemoteWebDriver.java:461)
	at org.openqa.selenium.By$ByLinkText.findElement(By.java:246)
	at org.openqa.selenium.remote.RemoteWebDriver.findElement(RemoteWebDriver.java:402)
	at com.tcm.TCMTests.verifyMovieFiveActor2(TCMTests.java:236)
	at com.tcm.TCMDemoTest.verifyMovieFiveOneActor2Test(TCMDemoTest.java:179)
... Removed 28 stack frames</div></td></tr></table><p class="totop"><a href="#summary">back to summary</a></p><h3 id="m2">com.tcm.TCMDemoTest#verifyMovieFiveOverviewTest</h3><table class="result"><tr><th>Exception</th></tr><tr><td><div class="stacktrace">java.lang.AssertionError: expected [A small-town girl hits the big city in search of romance Roaring Twenties style.] but found [An orphaned girl changes the lives of those she encounters at a remote estate.]
	at com.tcm.TCMTests.verifyMovieFiveOverview(TCMTests.java:225)
	at com.tcm.TCMDemoTest.verifyMovieFiveOverviewTest(TCMDemoTest.java:169)
... Removed 30 stack frames</div></td></tr></table><p class="totop"><a href="#summary">back to summary</a></p><h3 id="m3">com.tcm.TCMDemoTest#verifyMovieFivePageTitleTest</h3><table class="result"><tr><th>Exception</th></tr><tr><td><div class="stacktrace">java.lang.AssertionError: expected [THOROUGHLY MODERN MILLIE] but found [THE SECRET GARDEN]
	at com.tcm.TCMTests.verifyMovieFivePageTitle(TCMTests.java:219)
	at com.tcm.TCMDemoTest.verifyMovieFivePageTitleTest(TCMDemoTest.java:164)
... Removed 30 stack frames</div></td></tr></table><p class="totop"><a href="#summary">back to summary</a></p><h3 id="m4">com.tcm.TCMDemoTest#verifyMovieFourOneActor1Test</h3><table class="result"><tr><th>Exception</th></tr><tr><td><div class="stacktrace">org.openqa.selenium.NoSuchElementException: no such element: Unable to locate element: {&quot;method&quot;:&quot;link text&quot;,&quot;selector&quot;:&quot;Hampton Fancher&quot;}
  (Session info: chrome=69.0.3497.100)
  (Driver info: chromedriver=2.42.591059 (a3d9684d10d61aa0c45f6723b327283be1ebaad8),platform=Mac OS X 10.13.5 x86_64) (WARNING: The server did not provide any stacktrace information)
Command duration or timeout: 5.08 seconds
For documentation on this error, please visit: http://seleniumhq.org/exceptions/no_such_element.html
Build info: version: &apos;3.4.0&apos;, revision: &apos;unknown&apos;, time: &apos;unknown&apos;
System info: host: &apos;Kishas-iMac.local&apos;, ip: &apos;10.0.0.90&apos;, os.name: &apos;Mac OS X&apos;, os.arch: &apos;x86_64&apos;, os.version: &apos;10.13.5&apos;, java.version: &apos;9.0.4&apos;
Driver info: org.openqa.selenium.chrome.ChromeDriver
Capabilities [{mobileEmulationEnabled=false, hasTouchScreen=false, platform=MAC, acceptSslCerts=false, goog:chromeOptions={debuggerAddress=localhost:49479}, acceptInsecureCerts=false, webStorageEnabled=true, browserName=chrome, takesScreenshot=true, javascriptEnabled=true, setWindowRect=true, unexpectedAlertBehaviour=, applicationCacheEnabled=false, rotatable=false, networkConnectionEnabled=false, chrome={chromedriverVersion=2.42.591059 (a3d9684d10d61aa0c45f6723b327283be1ebaad8), userDataDir=/var/folders/kz/jbf7x2tx4q7cfqjwsf5jbh1w0000gn/T/.org.chromium.Chromium.eAJKF7}, takesHeapSnapshot=true, pageLoadStrategy=normal, databaseEnabled=false, handlesAlerts=true, version=69.0.3497.100, browserConnectionEnabled=false, nativeEvents=true, locationContextEnabled=true, cssSelectorsEnabled=true}]
Session ID: c48b3d1492da15c00b6bbf96843a73f5
*** Element info: {Using=link text, value=Hampton Fancher}
	at org.openqa.selenium.remote.ErrorHandler.createThrowable(ErrorHandler.java:215)
	at org.openqa.selenium.remote.ErrorHandler.throwIfResponseFailed(ErrorHandler.java:167)
	at org.openqa.selenium.remote.RemoteWebDriver.execute(RemoteWebDriver.java:671)
	at org.openqa.selenium.remote.RemoteWebDriver.findElement(RemoteWebDriver.java:410)
	at org.openqa.selenium.remote.RemoteWebDriver.findElementByLinkText(RemoteWebDriver.java:461)
	at org.openqa.selenium.By$ByLinkText.findElement(By.java:246)
	at org.openqa.selenium.remote.RemoteWebDriver.findElement(RemoteWebDriver.java:402)
	at com.tcm.TCMTests.verifyMovieFourActor1(TCMTests.java:187)
	at com.tcm.TCMDemoTest.verifyMovieFourOneActor1Test(TCMDemoTest.java:142)
... Removed 28 stack frames</div></td></tr></table><p class="totop"><a href="#summary">back to summary</a></p><h3 id="m5">com.tcm.TCMDemoTest#verifyMovieFourOneActor2Test</h3><table class="result"><tr><th>Exception</th></tr><tr><td><div class="stacktrace">org.openqa.selenium.NoSuchElementException: no such element: Unable to locate element: {&quot;method&quot;:&quot;link text&quot;,&quot;selector&quot;:&quot;Pamela Austin&quot;}
  (Session info: chrome=69.0.3497.100)
  (Driver info: chromedriver=2.42.591059 (a3d9684d10d61aa0c45f6723b327283be1ebaad8),platform=Mac OS X 10.13.5 x86_64) (WARNING: The server did not provide any stacktrace information)
Command duration or timeout: 5.06 seconds
For documentation on this error, please visit: http://seleniumhq.org/exceptions/no_such_element.html
Build info: version: &apos;3.4.0&apos;, revision: &apos;unknown&apos;, time: &apos;unknown&apos;
System info: host: &apos;Kishas-iMac.local&apos;, ip: &apos;10.0.0.90&apos;, os.name: &apos;Mac OS X&apos;, os.arch: &apos;x86_64&apos;, os.version: &apos;10.13.5&apos;, java.version: &apos;9.0.4&apos;
Driver info: org.openqa.selenium.chrome.ChromeDriver
Capabilities [{mobileEmulationEnabled=false, hasTouchScreen=false, platform=MAC, acceptSslCerts=false, goog:chromeOptions={debuggerAddress=localhost:49479}, acceptInsecureCerts=false, webStorageEnabled=true, browserName=chrome, takesScreenshot=true, javascriptEnabled=true, setWindowRect=true, unexpectedAlertBehaviour=, applicationCacheEnabled=false, rotatable=false, networkConnectionEnabled=false, chrome={chromedriverVersion=2.42.591059 (a3d9684d10d61aa0c45f6723b327283be1ebaad8), userDataDir=/var/folders/kz/jbf7x2tx4q7cfqjwsf5jbh1w0000gn/T/.org.chromium.Chromium.eAJKF7}, takesHeapSnapshot=true, pageLoadStrategy=normal, databaseEnabled=false, handlesAlerts=true, version=69.0.3497.100, browserConnectionEnabled=false, nativeEvents=true, locationContextEnabled=true, cssSelectorsEnabled=true}]
Session ID: c48b3d1492da15c00b6bbf96843a73f5
*** Element info: {Using=link text, value=Pamela Austin}
	at org.openqa.selenium.remote.ErrorHandler.createThrowable(ErrorHandler.java:215)
	at org.openqa.selenium.remote.ErrorHandler.throwIfResponseFailed(ErrorHandler.java:167)
	at org.openqa.selenium.remote.RemoteWebDriver.execute(RemoteWebDriver.java:671)
	at org.openqa.selenium.remote.RemoteWebDriver.findElement(RemoteWebDriver.java:410)
	at org.openqa.selenium.remote.RemoteWebDriver.findElementByLinkText(RemoteWebDriver.java:461)
	at org.openqa.selenium.By$ByLinkText.findElement(By.java:246)
	at org.openqa.selenium.remote.RemoteWebDriver.findElement(RemoteWebDriver.java:402)
	at com.tcm.TCMTests.verifyMovieFourActor2(TCMTests.java:193)
	at com.tcm.TCMDemoTest.verifyMovieFourOneActor2Test(TCMDemoTest.java:147)
... Removed 28 stack frames</div></td></tr></table><p class="totop"><a href="#summary">back to summary</a></p><h3 id="m6">com.tcm.TCMDemoTest#verifyMovieFourOverviewTest</h3><table class="result"><tr><th>Exception</th></tr><tr><td><div class="stacktrace">java.lang.AssertionError: expected [A small-town girl hits the big city in search of romance Roaring Twenties style.] but found [A rebellious teacher moves to Rome and finds love.]
	at com.tcm.TCMTests.verifyMovieFourOverview(TCMTests.java:182)
	at com.tcm.TCMDemoTest.verifyMovieFourOverviewTest(TCMDemoTest.java:137)
... Removed 30 stack frames</div></td></tr></table><p class="totop"><a href="#summary">back to summary</a></p><h3 id="m7">com.tcm.TCMDemoTest#verifyMovieFourPageTitleTest</h3><table class="result"><tr><th>Exception</th></tr><tr><td><div class="stacktrace">java.lang.AssertionError: expected [] but found [ROME ADVENTURE]
	at com.tcm.TCMTests.verifyMovieFourPageTitle(TCMTests.java:176)
	at com.tcm.TCMDemoTest.verifyMovieFourPageTitleTest(TCMDemoTest.java:132)
... Removed 30 stack frames</div></td></tr></table><p class="totop"><a href="#summary">back to summary</a></p><h3 id="m8">com.tcm.TCMDemoTest#verifyMoviePageTitleTest</h3><table class="result"><tr><th>Exception</th></tr><tr><td><div class="stacktrace">java.lang.AssertionError: expected [] but found [TO HAVE AND HAVE NOT]
	at com.tcm.TCMTests.verifyMoviePageTitle(TCMTests.java:50)
	at com.tcm.TCMDemoTest.verifyMoviePageTitleTest(TCMDemoTest.java:36)
... Removed 30 stack frames</div></td></tr></table><p class="totop"><a href="#summary">back to summary</a></p><h3 id="m9">com.tcm.TCMDemoTest#verifyMovievOneActor1Test</h3><table class="result"><tr><th>Exception</th></tr><tr><td><div class="stacktrace">org.openqa.selenium.NoSuchElementException: no such element: Unable to locate element: {&quot;method&quot;:&quot;link text&quot;,&quot;selector&quot;:&quot;Margaret O&apos;Brien&quot;}
  (Session info: chrome=69.0.3497.100)
  (Driver info: chromedriver=2.42.591059 (a3d9684d10d61aa0c45f6723b327283be1ebaad8),platform=Mac OS X 10.13.5 x86_64) (WARNING: The server did not provide any stacktrace information)
Command duration or timeout: 5.02 seconds
For documentation on this error, please visit: http://seleniumhq.org/exceptions/no_such_element.html
Build info: version: &apos;3.4.0&apos;, revision: &apos;unknown&apos;, time: &apos;unknown&apos;
System info: host: &apos;Kishas-iMac.local&apos;, ip: &apos;10.0.0.90&apos;, os.name: &apos;Mac OS X&apos;, os.arch: &apos;x86_64&apos;, os.version: &apos;10.13.5&apos;, java.version: &apos;9.0.4&apos;
Driver info: org.openqa.selenium.chrome.ChromeDriver
Capabilities [{mobileEmulationEnabled=false, hasTouchScreen=false, platform=MAC, acceptSslCerts=false, goog:chromeOptions={debuggerAddress=localhost:49479}, acceptInsecureCerts=false, webStorageEnabled=true, browserName=chrome, takesScreenshot=true, javascriptEnabled=true, setWindowRect=true, unexpectedAlertBehaviour=, applicationCacheEnabled=false, rotatable=false, networkConnectionEnabled=false, chrome={chromedriverVersion=2.42.591059 (a3d9684d10d61aa0c45f6723b327283be1ebaad8), userDataDir=/var/folders/kz/jbf7x2tx4q7cfqjwsf5jbh1w0000gn/T/.org.chromium.Chromium.eAJKF7}, takesHeapSnapshot=true, pageLoadStrategy=normal, databaseEnabled=false, handlesAlerts=true, version=69.0.3497.100, browserConnectionEnabled=false, nativeEvents=true, locationContextEnabled=true, cssSelectorsEnabled=true}]
Session ID: c48b3d1492da15c00b6bbf96843a73f5
*** Element info: {Using=link text, value=Margaret O&apos;Brien}
	at org.openqa.selenium.remote.ErrorHandler.createThrowable(ErrorHandler.java:215)
	at org.openqa.selenium.remote.ErrorHandler.throwIfResponseFailed(ErrorHandler.java:167)
	at org.openqa.selenium.remote.RemoteWebDriver.execute(RemoteWebDriver.java:671)
	at org.openqa.selenium.remote.RemoteWebDriver.findElement(RemoteWebDriver.java:410)
	at org.openqa.selenium.remote.RemoteWebDriver.findElementByLinkText(RemoteWebDriver.java:461)
	at org.openqa.selenium.By$ByLinkText.findElement(By.java:246)
	at org.openqa.selenium.remote.RemoteWebDriver.findElement(RemoteWebDriver.java:402)
	at com.tcm.TCMTests.verifyMovieFiveActor1(TCMTests.java:230)
	at com.tcm.TCMDemoTest.verifyMovievOneActor1Test(TCMDemoTest.java:174)
... Removed 28 stack frames</div></td></tr></table><p class="totop"><a href="#summary">back to summary</a></p><h3 id="m10">com.tcm.TCMDemoTest#verifyReleaseFiveDateOneTest</h3><table class="result"><tr><th>Exception</th></tr><tr><td><div class="stacktrace">java.lang.AssertionError: expected [1967] but found [1949]
	at com.tcm.TCMTests.verifyReleaseDateFive(TCMTests.java:244)
	at com.tcm.TCMDemoTest.verifyReleaseFiveDateOneTest(TCMDemoTest.java:184)
... Removed 30 stack frames</div></td></tr></table><p class="totop"><a href="#summary">back to summary</a></p><h3 id="m11">com.tcm.TCMDemoTest#verifyReleaseFourDateOneTest</h3><table class="result"><tr><th>Exception</th></tr><tr><td><div class="stacktrace">java.lang.AssertionError: expected [1967] but found [1962]
	at com.tcm.TCMTests.verifyReleaseDateFour(TCMTests.java:201)
	at com.tcm.TCMDemoTest.verifyReleaseFourDateOneTest(TCMDemoTest.java:152)
... Removed 30 stack frames</div></td></tr></table><p class="totop"><a href="#summary">back to summary</a></p><h3 id="m12">com.tcm.TCMDemoTest#clickMovieLinkFourTest</h3><table class="result"></table><p class="totop"><a href="#summary">back to summary</a></p><h3 id="m13">com.tcm.TCMDemoTest#clickMovieLinkOneTest</h3><table class="result"></table><p class="totop"><a href="#summary">back to summary</a></p><h3 id="m14">com.tcm.TCMDemoTest#clickMovieLinkThreeTest</h3><table class="result"></table><p class="totop"><a href="#summary">back to summary</a></p><h3 id="m15">com.tcm.TCMDemoTest#clickMovieLinkTwoTest</h3><table class="result"></table><p class="totop"><a href="#summary">back to summary</a></p><h3 id="m16">com.tcm.TCMDemoTest#loadTestUrlTest</h3><table class="result"></table><p class="totop"><a href="#summary">back to summary</a></p><h3 id="m17">com.tcm.TCMDemoTest#verifyMovieOneActor1Test</h3><table class="result"></table><p class="totop"><a href="#summary">back to summary</a></p><h3 id="m18">com.tcm.TCMDemoTest#verifyMovieOneActor2Test</h3><table class="result"></table><p class="totop"><a href="#summary">back to summary</a></p><h3 id="m19">com.tcm.TCMDemoTest#verifyMovieOverviewTest</h3><table class="result"></table><p class="totop"><a href="#summary">back to summary</a></p><h3 id="m20">com.tcm.TCMDemoTest#verifyMovieThreeOneActor1Test</h3><table class="result"></table><p class="totop"><a href="#summary">back to summary</a></p><h3 id="m21">com.tcm.TCMDemoTest#verifyMovieThreeOneActor2Test</h3><table class="result"></table><p class="totop"><a href="#summary">back to summary</a></p><h3 id="m22">com.tcm.TCMDemoTest#verifyMovieThreeOverviewTest</h3><table class="result"></table><p class="totop"><a href="#summary">back to summary</a></p><h3 id="m23">com.tcm.TCMDemoTest#verifyMovieThreePageTitleTest</h3><table class="result"></table><p class="totop"><a href="#summary">back to summary</a></p><h3 id="m24">com.tcm.TCMDemoTest#verifyMovieTwoOneActor1Test</h3><table class="result"></table><p class="totop"><a href="#summary">back to summary</a></p><h3 id="m25">com.tcm.TCMDemoTest#verifyMovieTwoOneActor2Test</h3><table class="result"></table><p class="totop"><a href="#summary">back to summary</a></p><h3 id="m26">com.tcm.TCMDemoTest#verifyMovieTwoOverviewTest</h3><table class="result"></table><p class="totop"><a href="#summary">back to summary</a></p><h3 id="m27">com.tcm.TCMDemoTest#verifyMovieTwoPageTitleTest</h3><table class="result"></table><p class="totop"><a href="#summary">back to summary</a></p><h3 id="m28">com.tcm.TCMDemoTest#verifyPageTitleTest</h3><table class="result"></table><p class="totop"><a href="#summary">back to summary</a></p><h3 id="m29">com.tcm.TCMDemoTest#verifyReleaseDateOneTest</h3><table class="result"></table><p class="totop"><a href="#summary">back to summary</a></p><h3 id="m30">com.tcm.TCMDemoTest#verifyReleaseThreeDateOneTest</h3><table class="result"></table><p class="totop"><a href="#summary">back to summary</a></p><h3 id="m31">com.tcm.TCMDemoTest#verifyReleaseTwoDateOneTest</h3><table class="result"></table><p class="totop"><a href="#summary">back to summary</a></p></body></html>